epoch,acc,loss,lr,val_acc,val_loss
0,0.6194661921708186,1.0630015606494136,0.001,0.7088,1.0129518714904786
1,0.7646032819563592,0.6756143994942068,0.001,0.7334,0.980054236984253
2,0.8093920193642544,0.5468296615465018,0.001,0.779,0.7680797626495361
3,0.8373705193464565,0.46934527746631033,0.001,0.8432,0.5243326824188232
4,0.8550261631011284,0.4181308057467494,0.001,0.8646,0.447909760761261
5,0.8675070302210515,0.38014753735929413,0.001,0.8682,0.4531245743513107
6,0.8782703876410494,0.3497825311692779,0.001,0.8526,0.5266847172260284
7,0.8861905100914819,0.3245048343787062,0.001,0.8704,0.41717059898376463
8,0.8940171928950272,0.3045779716182238,0.001,0.8866,0.35596505357176067
9,0.899846047057986,0.28543833971569366,0.001,0.8722,0.45983443868160245
10,0.9045402769373153,0.27263089073673713,0.001,0.8838,0.4041808190345764
11,0.9090120314669135,0.25926585914068184,0.001,0.9008,0.36743116410374643
12,0.9121044388281778,0.24954117701557935,0.001,0.8928,0.3893658561110497
13,0.916456056668921,0.23670561969608045,0.001,0.8798,0.43633743402063846
14,0.9194505748763037,0.2290221403861094,0.001,0.9026,0.3288744092941284
15,0.92305467554195,0.2203198161514683,0.001,0.8984,0.37149509083032606
16,0.9253684191791549,0.21122327922938774,0.001,0.9134,0.30073633296489716
17,0.9278245470401879,0.20542562118894975,0.001,0.8986,0.36086776902675627
18,0.9299914569465704,0.19886259812118692,0.001,0.8916,0.3982824139595032
19,0.9318958459402699,0.19250019118255451,0.001,0.9166,0.3108808649837971
20,0.933648951696152,0.18736775991467192,0.001,0.9056,0.33465491442680356
21,0.9360605844872388,0.18384398440585256,0.001,0.9142,0.30913512939810756
22,0.9375155732744812,0.17706328613924724,0.001,0.8956,0.3942189294397831
23,0.9389127184707934,0.17342447540977557,0.001,0.9056,0.353294246417284
24,0.9407147688036166,0.1678066577482435,0.001,0.911,0.32603073650896547
25,0.9416002206955469,0.16472121696772407,0.001,0.9008,0.375665927170217
26,0.9427170469511978,0.16221459177430594,0.001,0.9142,0.30059685375094414
27,0.9447059765777952,0.15637106546964455,0.001,0.9046,0.33359075163006785
28,0.9452221193891717,0.15419142189167565,0.001,0.9122,0.3195730588912964
29,0.947033068735984,0.14975045295476963,0.001,0.9162,0.3147229661107063
30,0.9474735699284519,0.14834018583437567,0.001,0.916,0.2997611657142639
31,0.9481676930196135,0.1451385282525047,0.001,0.9098,0.3558024419993162
32,0.9494580500480547,0.14276899960517866,0.001,0.9192,0.30602057488560674
33,0.9512645498878725,0.13782548055005217,0.001,0.9176,0.319410485458374
34,0.9519408749510554,0.13678877564943479,0.001,0.9218,0.2925274718478322
35,0.9528485743779589,0.1335749103302915,0.001,0.9126,0.3454828840740025
36,0.9525460079023245,0.13259600089561333,0.001,0.9092,0.3640967217922211
37,0.9539831986615883,0.12945245069918104,0.001,0.9102,0.36299757595062254
38,0.9542991136582066,0.12800342950372082,0.001,0.9166,0.31157647606432437
39,0.9547129178087068,0.12808617281869414,0.001,0.915,0.3315392877876759
40,0.9561412095539814,0.12398183700806502,0.001,0.927,0.30134541214704513
41,0.9567596910262343,0.12273565133877683,0.001,0.9132,0.3480711614325643
42,0.9574538141173958,0.12025095668143948,0.001,0.914,0.35828818531781437
43,0.9575828498202399,0.1191653651398,0.001,0.9182,0.31759461489543317
44,0.9586685295269284,0.1175796952681675,0.001,0.9206,0.31530141690969465
45,0.9589844445235468,0.11544369948382173,0.001,0.9176,0.31300265486240386
46,0.9591045812124017,0.11497769517291907,0.001,0.922,0.3092289968378842
47,0.960061225216246,0.1126255067074309,0.001,0.9194,0.32431520022004845
48,0.9606263126045634,0.11184399451277292,0.001,0.9212,0.3025538249194622
49,0.9612180970348485,0.10889272085550013,0.001,0.9236,0.3125265891075134
50,0.9711449471398569,0.08213028040495779,1e-04,0.9292,0.2708845384418964
51,0.9733697006371694,0.07502304846433897,1e-04,0.9306,0.2781021722406149
52,0.9754342718826754,0.0698272341761263,1e-04,0.9294,0.2871002736419439
53,0.9766044922222618,0.06611158549068051,1e-04,0.9288,0.29804958599209785
54,0.9771606805965899,0.06490916162437366,1e-04,0.9332,0.2856258168295026
55,0.9772719182714555,0.06402550495230623,1e-04,0.9312,0.30090355226397514
56,0.9776857224219556,0.06345248087050274,1e-04,0.9304,0.2995955495297909
57,0.977966041362617,0.06237051481156889,1e-04,0.9292,0.3015587248057127
58,0.9782686078382515,0.06145314116309105,1e-04,0.9306,0.2973547954427078
59,0.9789938774783754,0.059762796895154895,1e-04,0.9328,0.3023241065334529
60,0.9790606200832948,0.05909187371199061,1e-04,0.9328,0.294158763962239
61,0.9790606200832948,0.05900155133542721,1e-04,0.9314,0.3032185810737312
62,0.9792341508560851,0.058737300340691335,1e-04,0.9332,0.29893604482263325
63,0.9794299291638486,0.058579161633867574,1e-04,0.9292,0.31761659063100817
64,0.9795812124016658,0.05746874461134882,1e-04,0.9314,0.30151150029040874
65,0.9802041433809134,0.0563325139376027,1e-04,0.9336,0.29520853727161883
66,0.9801551988039725,0.055450278466762586,1e-04,0.9334,0.30476731065139173
67,0.9805423059125049,0.05533244689254261,1e-04,0.93,0.3152423602901399
68,0.9798481828213434,0.0563958418643641,1e-04,0.929,0.30928791664168237
69,0.9809249635140427,0.05453090544023519,1e-04,0.9312,0.3113776461049914
70,0.9813298686505535,0.05346272927039763,1e-04,0.9306,0.32700473105404526
71,0.981169686398747,0.053893257932451304,1e-04,0.9308,0.31752361577004196
72,0.9809605595699996,0.05454916852509691,1e-04,0.9326,0.3079013170033693
73,0.980991706118962,0.053028121920702914,1e-04,0.9342,0.3059994256667793
74,0.9814633538603923,0.052519226772337495,1e-04,0.9318,0.31678668242841956
75,0.9822331185704624,0.05066358903179289,1e-05,0.932,0.3117905582040548
76,0.9819572491367956,0.05105309909436464,1e-05,0.9318,0.31090697698369624
77,0.9819350016018226,0.050443280431004295,1e-05,0.9308,0.31165276557579635
78,0.9823844018082797,0.049566372816777095,1e-05,0.9328,0.30715851114094256
79,0.9825356850460969,0.04914694897079748,1e-05,0.931,0.3119842419177294
80,0.9825801801160431,0.050289119706174105,1e-05,0.9308,0.3092471565648913
81,0.9822909621613926,0.04989075443925178,1e-05,0.9316,0.30812360032200814
82,0.9824778414551668,0.049661677798801256,1e-05,0.9304,0.31030991975814104
83,0.9824110988502474,0.05022674280698887,1e-05,0.9324,0.30773768092617393
84,0.9823577047663119,0.050424516102559595,1e-05,0.9314,0.31150493430308995
85,0.9822687146264194,0.04954606876247763,1e-05,0.9316,0.31072384756207466
86,0.9826424732139679,0.04868067670184051,1e-05,0.9308,0.3118086320091039
87,0.9821619264585484,0.0499725217920331,1e-05,0.9324,0.31082288821097465
88,0.9822820631474033,0.04965348199969596,1e-05,0.932,0.30791206102445723
89,0.9825890791300324,0.04960710610091093,1e-05,0.9318,0.3079606318609789
90,0.9825267860321076,0.04885065441992462,1e-05,0.9326,0.31111275409832595
91,0.9826780692699248,0.04938318582574323,1e-05,0.9324,0.30894150980338453
92,0.9833632933470972,0.04728844116643889,1e-05,0.9326,0.3127618129864335
93,0.983056277364468,0.04902047708865473,1e-05,0.9328,0.31013577869385484
94,0.9829049941266508,0.04920250134519478,1e-05,0.9332,0.31061315783336757
95,0.9825089880041291,0.0490519081532273,1e-05,0.9324,0.31093629036545756
96,0.9829049941266508,0.04825505574509368,1e-05,0.9328,0.31020825153347104
97,0.9823888513152743,0.04953117369130562,1e-05,0.9316,0.31237343823984265
98,0.9828649485636991,0.04811134857657669,1e-05,0.932,0.3119693089447916
99,0.983091873420425,0.048685197701400625,1e-05,0.933,0.31222278903499245
