epoch,acc,loss,lr,val_acc,val_loss
0,0.605538256227758,1.0992517266685005,0.001,0.6568,1.273157982623577
1,0.7581114512512014,0.6877480180288216,0.001,0.784,0.7013683976054191
2,0.8070426796710924,0.5533879867100501,0.001,0.75,0.8716544770359993
3,0.8351279678211654,0.4765585902207762,0.001,0.8458,0.4819903195064515
4,0.8521918271455523,0.42365273307811724,0.001,0.865,0.42298557022809985
5,0.8661321325597123,0.383094637341673,0.001,0.8626,0.4245354889494367
6,0.8765884739970812,0.35343286741598,0.001,0.863,0.4099114317843225
7,0.8862439041754173,0.32540596752005735,0.001,0.842,0.5052058640716598
8,0.8936300857864948,0.3052658249419828,0.001,0.8826,0.3930831507667899
9,0.8994678389634428,0.2868811061349683,0.001,0.8608,0.5228689910888672
10,0.9048027978499982,0.27302645774495793,0.001,0.892,0.36748008185927755
11,0.9087183640052682,0.26061085500007414,0.001,0.9042,0.3182840580133023
12,0.9125671875556188,0.24817048672207295,0.001,0.8858,0.39152263308912516
13,0.9161623892072759,0.23769670109949892,0.001,0.886,0.3790635113929864
14,0.9192058519915993,0.22906169327242412,0.001,0.892,0.388769047488831
15,0.9232993984266543,0.2196477399112275,0.001,0.906,0.34029009511602054
16,0.9249501655216602,0.21110912708287982,0.001,0.8942,0.3979808926528436
17,0.9279046381660911,0.20388048767032532,0.001,0.9078,0.31930699806786145
18,0.9297511835688606,0.1971774295932352,0.001,0.9126,0.31463681840475183
19,0.9321227707969957,0.1927421344863521,0.001,0.912,0.3099998425645521
20,0.9338625280318941,0.18699396428980405,0.001,0.9116,0.3047214391964226
21,0.9357580180116043,0.1827589513146739,0.001,0.9046,0.3381616546487901
22,0.9382986865055352,0.1752816254225783,0.001,0.9076,0.3338998924499756
23,0.9394822553661054,0.1722723974877499,0.001,0.907,0.3427210590524366
24,0.9402920656391272,0.16833749520519625,0.001,0.9136,0.3152940000893155
25,0.9417248068913965,0.1651688778672634,0.001,0.9112,0.31197606855365445
26,0.9437938276438971,0.1592758910668024,0.001,0.9242,0.2661738800048919
27,0.9445235467910156,0.15689730521764764,0.001,0.9166,0.31556702785572854
28,0.9458628483963977,0.15215642740596264,0.001,0.9228,0.28890879504731276
29,0.9462455059979354,0.1507202841481262,0.001,0.9226,0.28890916055259297
30,0.9478562275299897,0.14646162102631122,0.001,0.9172,0.3035534475445896
31,0.9489864023066245,0.1433771159556241,0.001,0.918,0.3053404995087709
32,0.949311216317232,0.1429293594800048,0.001,0.9106,0.34830652245300736
33,0.9508240486954046,0.13863280491252794,0.001,0.918,0.3219919209964646
34,0.9519898195279963,0.13634304034740177,0.001,0.9262,0.270826301547559
35,0.9530221051507493,0.1321375839583539,0.001,0.9142,0.33016489410413485
36,0.9534270102872602,0.1319658053464103,0.001,0.9232,0.28891394978800233
37,0.9544192503470615,0.12924990917335896,0.001,0.922,0.297595425844234
38,0.9548819990745026,0.1271237169717755,0.001,0.9292,0.2735466509583814
39,0.9548375040045562,0.1269874268141508,0.001,0.9258,0.2694980993119418
40,0.9557985975153953,0.12374480277073391,0.001,0.923,0.30313813056014477
41,0.9577563805930303,0.11993688133285346,0.001,0.9136,0.344087526505813
42,0.9570889545438366,0.12149318897494585,0.001,0.9222,0.29034817403459456
43,0.9582235788274659,0.11726833417870043,0.001,0.9254,0.2954808951600105
44,0.9587041255828854,0.11663996313666732,0.001,0.923,0.2982049287438451
45,0.9594249457160147,0.1143326501312166,0.001,0.922,0.3254432203413424
46,0.9595539814188588,0.11320202971092841,0.001,0.928,0.3005393576742128
47,0.9598787954294664,0.11278203458325371,0.001,0.9214,0.3225618390937452
48,0.9606040650695903,0.11157336703924024,0.001,0.925,0.2804170625913888
49,0.9613782792866551,0.1098444088849914,0.001,0.9288,0.2948781519651813
50,0.9706199053144912,0.08293145494329696,1e-04,0.934,0.27023467422760006
51,0.974691204214573,0.07221542121571325,1e-04,0.9354,0.26924533169296194
52,0.9759504146940519,0.06913081643627474,1e-04,0.9352,0.267584899282459
53,0.9766089417292564,0.06591948830397516,1e-04,0.9384,0.2690712022423906
54,0.9777391165058912,0.0634805376011448,1e-04,0.9384,0.2665379635572515
55,0.977481045100203,0.06335649710365118,1e-04,0.9358,0.27633263555766335
56,0.9782196632613106,0.06222789855218823,1e-04,0.9348,0.2816215067625067
57,0.9788336952265689,0.06058654014647189,1e-04,0.9372,0.2749639568567502
58,0.9788381447335636,0.05971600679718564,1e-04,0.935,0.28294181907177934
59,0.9791852062791443,0.05960000851373955,1e-04,0.9358,0.2762340744018642
60,0.9799060264122735,0.05775843785326291,1e-04,0.9344,0.2820515254139911
61,0.9796212579646175,0.0584252338610442,1e-04,0.9386,0.2745628881216131
62,0.9804488662656178,0.05669646500206197,1e-04,0.9344,0.28974564726354746
63,0.9799327234542413,0.0566438013535714,1e-04,0.936,0.28579445952177185
64,0.9802886840138113,0.05636702476987446,1e-04,0.9358,0.2911214178562196
65,0.9801952443669242,0.05572095180876603,1e-04,0.9334,0.2949170840740223
66,0.9808760189371017,0.05434979982978576,1e-04,0.9356,0.2905704769492335
67,0.9811963834407148,0.05352675092879609,1e-04,0.9332,0.29819526785612177
68,0.9809427615420211,0.0540357332342516,1e-04,0.9354,0.29429045298099527
69,0.9807158366852953,0.05464620482039726,1e-04,0.935,0.2919415286779414
70,0.9815478944932902,0.05276010189522103,1e-04,0.9366,0.2951875443577767
71,0.9814322073114299,0.052587236501000674,1e-04,0.9376,0.2847893696784979
72,0.9818682589969031,0.052318940100196006,1e-04,0.9344,0.2963771615266806
73,0.9817125262520913,0.051215603681566246,1e-04,0.9366,0.2867873323202241
74,0.9817303242800698,0.051990346834987794,1e-04,0.936,0.2916331142663964
75,0.9824956394831452,0.05013023788853406,1e-05,0.937,0.2872222152233132
76,0.9829450396896023,0.04912805731953937,1e-05,0.936,0.28784852011203854
77,0.983163065532339,0.047909177213608746,1e-05,0.9368,0.2885052248001107
78,0.9825089880041291,0.04986869535381962,1e-05,0.9368,0.2871070801019676
79,0.9827982059587798,0.04872700212437081,1e-05,0.9368,0.2866919669389735
80,0.9830874239134304,0.048771413737506465,1e-05,0.9368,0.28805841596126647
81,0.9835635211618553,0.046702394834829165,1e-05,0.937,0.28709750384092386
82,0.9831808635603175,0.04811630328575386,1e-05,0.9372,0.28686564936638
83,0.9831185704623928,0.04808648144208402,1e-05,0.938,0.28745190484523875
84,0.9834211369380272,0.047201109353227126,1e-05,0.9374,0.28807852551937174
85,0.9830607268714626,0.04733733047725801,1e-05,0.9382,0.28888052699565947
86,0.9835145765849144,0.04700267582088569,1e-05,0.938,0.2901763027906424
87,0.983163065532339,0.048435252665082126,1e-05,0.9378,0.28900692906379777
88,0.9831408179973659,0.04798233255599017,1e-05,0.9374,0.2909082754611973
89,0.9832965507421778,0.047388102579909844,1e-05,0.937,0.29100448989868244
90,0.9831586160253444,0.04764382464745247,1e-05,0.9366,0.2901400299549108
91,0.9829183426476347,0.049132259626142115,1e-05,0.9372,0.28956836866140423
92,0.983198661588296,0.04795858018930965,1e-05,0.9382,0.2918602848529822
93,0.9832120101092799,0.04771123067452484,1e-05,0.9376,0.2895549642086034
94,0.9828871960986723,0.04828459148180222,1e-05,0.9374,0.2914823178291331
95,0.9837592994696188,0.047403920273290996,1e-05,0.9378,0.28984826798439073
96,0.983056277364468,0.04790724253484125,1e-05,0.9384,0.2878059045910842
97,0.983127469476382,0.04786500415559509,1e-05,0.9374,0.2896887660741812
98,0.9833855408820703,0.04705501594798017,1e-05,0.9376,0.2890276940226564
99,0.9835012280639305,0.04610092994594207,1e-05,0.9372,0.2923070869326596
